1774595967921	geckodriver	INFO	Listening on 127.0.0.1:63799
1774595971106	mozrunner::runner	INFO	Running command: "C:\\Users\\DELL\\.cache\\selenium\\firefox\\win64\\149.0\\firefox.exe" "--marionette" "--remote-debugging-p ... 00" "--remote-allow-hosts" "localhost" "-no-remote" "-profile" "C:\\Users\\DELL\\AppData\\Local\\Temp\\rust_mozprofilebXIbqJ"
Dynamically enable window occlusion 0
1774595972756	Marionette	INFO	Marionette enabled
1774595972913	Marionette	INFO	Listening on port 63817
WebDriver BiDi listening on ws://127.0.0.1:63800
Read port: 63817
1774595973073	RemoteAgent	WARN	TLS certificate errors will be ignored for this session
console.error: "Experiment visual-card-updates has unknown featureId: newtabRefinedCardsLayout"
JavaScript error: , line 0: SyntaxError: JSON.parse: expected double-quoted property name at line 1 column 153 of the JSON data
JavaScript error: , line 0: SyntaxError: JSON.parse: expected double-quoted property name at line 1 column 153 of the JSON data
JavaScript error: , line 0: SyntaxError: JSON.parse: expected double-quoted property name at line 1 column 153 of the JSON data
JavaScript error: , line 0: SyntaxError: JSON.parse: expected double-quoted property name at line 1 column 153 of the JSON data
1774595981322	Marionette	INFO	Stopped listening on port 63817
console.error: AboutNewTabResourceMapping: "train-hop add-on install failure: Error: Unexpected download cancelled while downloading xpi from https://archive.mozilla.org/pub/system-addons/newtab/newtab-150.1.0-build1/newtab.xpi"
Dynamically enable window occlusion 1
JavaScript warning: https://securepubads.g.doubleclick.net/pagead/managed/js/gpt/m202603190101/pubads_impl.js, line 19: Script terminated by timeout at:
b@https://securepubads.g.doubleclick.net/pagead/managed/js/gpt/m202603190101/pubads_impl.js:19:195949

console.warn: TopSitesFeed: Failed to fetch data from MARS server: NetworkError when attempting to fetch resource.
console.error: Translations: "Failed to run language detection." (new AbortError("Actor 'Translations' destroyed before query 'Translations:GetDocumentElementLang' was resolved", (void 0)))
